<?xml version="1.0" encoding="UTF-8"?>
<!-- Generated by org.testng.reporters.JUnitReportReporter -->
<testsuite hostname="DESKTOP-45C7AL6" failures="0" tests="1" name="testpkg.Testscribe" time="53.445" errors="0" timestamp="2023-09-28T14:18:33 IST" skipped="0">
  <testcase classname="testpkg.Testscribe" name="testrun" time="53.445"/>
</testsuite> <!-- testpkg.Testscribe -->
